#
# A fatal error has been detected by the Java Runtime Environment:
#
#  EXCEPTION_ACCESS_VIOLATION (0xc0000005) at pc=0x00007ff80620219e, pid=10216, tid=5332
#
# JRE version:  (17.0.12+8) (build )
# Java VM: Java HotSpot(TM) 64-Bit Server VM (17.0.12+8-LTS-286, mixed mode, sharing, tiered, compressed oops, compressed class ptrs, g1 gc, windows-amd64)
# Problematic frame:
# V  [jvm.dll+0x2c219e]
#
# No core dump will be written. Minidumps are not enabled by default on client versions of Windows
#
#

---------------  S U M M A R Y ------------

Command Line: -Xmx16m org.eclipse.jdt.internal.launching.support.LibraryDetector

Host: AMD Ryzen 5 3500U with Radeon Vega Mobile Gfx  , 8 cores, 3G,  Windows 11 , 64 bit Build 22621 (10.0.22621.5415)
Time: Wed Dec 24 22:53:48 2025 SE Asia Standard Time elapsed time: 0.074935 seconds (0d 0h 0m 0s)

---------------  T H R E A D  ---------------

Current thread (0x000001a4128314a0):  JavaThread "Unknown thread" [_thread_in_vm, id=5332, stack(0x0000005bb1400000,0x0000005bb1500000)]

Stack: [0x0000005bb1400000,0x0000005bb1500000],  sp=0x0000005bb14fedf0,  free space=1019k
Native frames: (J=compiled Java code, j=interpreted, Vv=VM code, C=native code)
V  [jvm.dll+0x2c219e]
V  [jvm.dll+0x2c2605]
V  [jvm.dll+0x6269d6]
V  [jvm.dll+0x626c03]
V  [jvm.dll+0x6260e3]
V  [jvm.dll+0x621e18]
V  [jvm.dll+0x7aca55]
V  [jvm.dll+0x367591]
V  [jvm.dll+0x78b999]
V  [jvm.dll+0x3ec83f]
V  [jvm.dll+0x3ee471]
C  [jli.dll+0x5297]
C  [ucrtbase.dll+0x29333]
C  [KERNEL32.DLL+0x1259d]
C  [ntdll.dll+0x5af78]


siginfo: EXCEPTION_ACCESS_VIOLATION (0xc0000005), reading address 0x0000000000000000


Registers:
RAX=0x00004030d7fe8614, RBX=0x0000000000000000, RCX=0x0000000000000000, RDX=0x00007ff806835d01
RSP=0x0000005bb14fedf0, RBP=0x0000000000000001, RSI=0x000001a4258f5348, RDI=0x0000000000000000
R8 =0x0000000000000001, R9 =0x0000000000000001, R10=0x0000000000000000, R11=0x0000000000000246
R12=0x0000000000000001, R13=0x000001a4104bd660, R14=0x0000000000000001, R15=0x000001a425000000
RIP=0x00007ff80620219e, EFLAGS=0x0000000000010246


Top of Stack: (sp=0x0000005bb14fedf0)
0x0000005bb14fedf0:   000001a425bd0000 0000000800000000
0x0000005bb14fee00:   0000000800bd0000 000001a425000000
0x0000005bb14fee10:   000001a425bd0000 0000019c25000000
0x0000005bb14fee20:   0000005bb14fef40 0000000000000001
0x0000005bb14fee30:   00004030d7fe8694 000001a41289a290
0x0000005bb14fee40:   00004030d7fe8614 000001a41289a290
0x0000005bb14fee50:   0000000000000000 00007ff806202605
0x0000005bb14fee60:   000001a425000000 0000000000000000
0x0000005bb14fee70:   000001a41289a290 0000000000000000
0x0000005bb14fee80:   000001a4258f5340 0000000000000001
0x0000005bb14fee90:   000001a425000000 0000000001000000
0x0000005bb14feea0:   0000000000000000 0000000000010000
0x0000005bb14feeb0:   0000000000001000 ffffffff00000000
0x0000005bb14feec0:   0000000000000000 0000000000000003
0x0000005bb14feed0:   00004030d7fe8584 0000000000000000
0x0000005bb14feee0:   000001a4104bd660 0000000000000000 

Instructions: (pc=0x00007ff80620219e)
0x00007ff80620209e:   8e 1d 63 00 e8 29 30 f8 ff 48 8b 0d f2 5d 83 00
0x00007ff8062020ae:   48 85 c9 74 22 44 0f b6 83 41 02 00 00 48 8d 0d
0x00007ff8062020be:   3e 4c 63 00 0f b6 93 40 02 00 00 e8 62 4f de ff
0x00007ff8062020ce:   48 8b 0d cb 5d 83 00 0f b6 05 3b 6e 84 00 38 83
0x00007ff8062020de:   40 02 00 00 75 60 0f b6 05 6d 6e 84 00 38 83 41
0x00007ff8062020ee:   02 00 00 75 51 80 bb a1 03 00 00 00 75 1f c6 05
0x00007ff8062020fe:   ed 29 7f 00 00 48 85 c9 74 13 48 8d 0d f1 4c 63
0x00007ff80620210e:   00 e8 1c 4f de ff 48 8b 0d 85 5d 83 00 80 bb a2
0x00007ff80620211e:   03 00 00 00 75 18 c6 05 c6 29 7f 00 00 48 85 c9
0x00007ff80620212e:   74 0c 48 8d 0d 39 4d 63 00 e8 f4 4e de ff b0 01
0x00007ff80620213e:   48 83 c4 20 5b c3 48 8d 0d 15 4c 63 00 e8 c0 d5
0x00007ff80620214e:   ff ff 32 c0 48 83 c4 20 5b c3 cc cc cc cc cc cc
0x00007ff80620215e:   cc cc 48 89 5c 24 10 48 89 6c 24 18 48 89 74 24
0x00007ff80620216e:   20 57 48 83 ec 60 48 8b 05 4d f0 80 00 48 33 c4
0x00007ff80620217e:   48 89 44 24 50 80 3d 21 0b 7e 00 00 0f b6 ea 48
0x00007ff80620218e:   8b f1 74 17 80 39 00 75 12 48 8b 0d 3a c1 83 00
0x00007ff80620219e:   48 8b 01 ff 50 20 48 8b d8 eb 08 48 8b 59 18 48
0x00007ff8062021ae:   83 c3 04 48 83 3d 27 c2 83 00 00 40 b7 01 74 0f
0x00007ff8062021be:   48 8b d3 48 8d 0d b8 37 63 00 e8 23 b4 f2 ff 48
0x00007ff8062021ce:   8d 54 24 20 48 8b cb e8 c6 6a 3b 00 85 c0 74 19
0x00007ff8062021de:   40 84 ed 74 14 48 8b d3 48 8d 0d bb 37 63 00 e8
0x00007ff8062021ee:   1e d5 ff ff 40 32 ff eb 7a 80 3e 02 75 20 48 8b
0x00007ff8062021fe:   cb e8 fc 0f 3b 00 84 c0 75 69 48 8b d3 48 8d 0d
0x00007ff80620220e:   c6 37 63 00 e8 f9 d4 ff ff 40 32 ff eb 55 48 8b
0x00007ff80620221e:   56 08 4c 8b 44 24 40 48 85 d2 74 05 49 3b d0 75
0x00007ff80620222e:   0b 48 63 44 24 34 48 39 46 10 74 37 40 32 ff 40
0x00007ff80620223e:   38 3d 6a 6e 84 00 74 1c 49 3b d0 48 8d 05 a8 37
0x00007ff80620224e:   63 00 48 8d 0d b9 37 63 00 48 0f 45 c8 e8 b0 d4
0x00007ff80620225e:   ff ff eb 0f 48 8b d3 48 8d 0d c4 37 63 00 e8 9f
0x00007ff80620226e:   d4 ff ff 80 3d 36 6e 84 00 00 74 10 40 84 ff 75
0x00007ff80620227e:   0b c6 05 ab b7 85 00 01 b0 01 eb 04 40 0f b6 c7
0x00007ff80620228e:   48 8b 4c 24 50 48 33 cc e8 b5 42 57 00 4c 8d 5c 



---------------  P R O C E S S  ---------------

Threads class SMR info:
_java_thread_list=0x00007ff8069f7a18, length=0, elements={
}

Java Threads: ( => current thread )

Other Threads:
  0x000001a412851b80 GCTaskThread "GC Thread#0" [stack: 0x0000005bb1500000,0x0000005bb1600000] [id=7972]
  0x000001a412852aa0 ConcurrentGCThread "G1 Main Marker" [stack: 0x0000005bb1600000,0x0000005bb1700000] [id=9928]
  0x000001a4128534b0 ConcurrentGCThread "G1 Conc#0" [stack: 0x0000005bb1700000,0x0000005bb1800000] [id=10444]
  0x000001a4128863e0 ConcurrentGCThread "G1 Refine#0" [stack: 0x0000005bb1800000,0x0000005bb1900000] [id=10612]
  0x000001a412886e10 ConcurrentGCThread "G1 Service" [stack: 0x0000005bb1900000,0x0000005bb1a00000] [id=10740]

=>0x000001a4128314a0 (exited) JavaThread "Unknown thread" [_thread_in_vm, id=5332, stack(0x0000005bb1400000,0x0000005bb1500000)]

Threads with active compile tasks:

VM state: not at safepoint (not fully initialized)

VM Mutex/Monitor currently owned by a thread: None

Heap address: 0x00000000ff000000, size: 16 MB, Compressed Oops mode: 32-bit

CDS archive(s) mapped at: [0x0000000000000000-0x0000000000000000-0x0000000000000000), size 0, SharedBaseAddress: 0x0000000800000000, ArchiveRelocationMode: 1.
Narrow klass base: 0x0000000000000000, Narrow klass shift: 0, Narrow klass range: 0x0

GC Precious Log:
 CPUs: 8 total, 8 available
 Memory: 3531M
 Large Page Support: Disabled
 NUMA Support: Disabled
 Compressed Oops: Enabled (32-bit)
 Heap Region Size: 1M
 Heap Min Capacity: 8M
 Heap Initial Capacity: 16M
 Heap Max Capacity: 16M
 Pre-touch: Disabled
 Parallel Workers: 8
 Concurrent Workers: 2
 Concurrent Refinement Workers: 8
 Periodic GC: Disabled

Heap:
 garbage-first heap   total 16384K, used 0K [0x00000000ff000000, 0x0000000100000000)
  region size 1024K, 0 young (0K), 0 survivors (0K)

[error occurred during error reporting (printing heap information), id 0xc0000005, EXCEPTION_ACCESS_VIOLATION (0xc0000005) at pc=0x00007ff806613859]

GC Heap History (0 events):
No events

Deoptimization events (0 events):
No events

Classes unloaded (0 events):
No events

Classes redefined (0 events):
No events

Internal exceptions (0 events):
No events

VM Operations (0 events):
No events

Events (2 events):
Event: 0.026 Loaded shared library C:\Program Files\Java\jdk-17\bin\java.dll
Event: 0.028 Loaded shared library C:\Program Files\Java\jdk-17\bin\zip.dll


Dynamic libraries:
0x00007ff7d5660000 - 0x00007ff7d5670000 	C:\Program Files\Java\jdk-17\bin\javaw.exe
0x00007ff8713f0000 - 0x00007ff871607000 	C:\WINDOWS\SYSTEM32\ntdll.dll
0x00007ff86fd40000 - 0x00007ff86fe04000 	C:\WINDOWS\System32\KERNEL32.DLL
0x00007ff86e8b0000 - 0x00007ff86ec82000 	C:\WINDOWS\System32\KERNELBASE.dll
0x00007ff867cd0000 - 0x00007ff867d67000 	C:\WINDOWS\SYSTEM32\apphelp.dll
0x00007ff86e4e0000 - 0x00007ff86e5f1000 	C:\WINDOWS\System32\ucrtbase.dll
0x00007ff852c10000 - 0x00007ff852c29000 	C:\Program Files\Java\jdk-17\bin\jli.dll
0x00007ff851d00000 - 0x00007ff851d1b000 	C:\Program Files\Java\jdk-17\bin\VCRUNTIME140.dll
0x00007ff8701f0000 - 0x00007ff8702a1000 	C:\WINDOWS\System32\ADVAPI32.dll
0x00007ff870450000 - 0x00007ff8704f7000 	C:\WINDOWS\System32\msvcrt.dll
0x00007ff86f080000 - 0x00007ff86f128000 	C:\WINDOWS\System32\sechost.dll
0x00007ff86e6a0000 - 0x00007ff86e6c8000 	C:\WINDOWS\System32\bcrypt.dll
0x00007ff870740000 - 0x00007ff870857000 	C:\WINDOWS\System32\RPCRT4.dll
0x00007ff870500000 - 0x00007ff8706b1000 	C:\WINDOWS\System32\USER32.dll
0x00007ff86e800000 - 0x00007ff86e826000 	C:\WINDOWS\System32\win32u.dll
0x00007ff85e530000 - 0x00007ff85e7cb000 	C:\WINDOWS\WinSxS\amd64_microsoft.windows.common-controls_6595b64144ccf1df_6.0.22621.5697_none_27154c497380d676\COMCTL32.dll
0x00007ff86fb00000 - 0x00007ff86fb29000 	C:\WINDOWS\System32\GDI32.dll
0x00007ff86e6d0000 - 0x00007ff86e7f3000 	C:\WINDOWS\System32\gdi32full.dll
0x00007ff86e600000 - 0x00007ff86e69a000 	C:\WINDOWS\System32\msvcp_win.dll
0x00007ff864c70000 - 0x00007ff864c7a000 	C:\WINDOWS\SYSTEM32\VERSION.dll
0x00007ff86fd00000 - 0x00007ff86fd31000 	C:\WINDOWS\System32\IMM32.DLL
0x00007ff852d50000 - 0x00007ff852d5c000 	C:\Program Files\Java\jdk-17\bin\vcruntime140_1.dll
0x00007ff8269a0000 - 0x00007ff826a2e000 	C:\Program Files\Java\jdk-17\bin\msvcp140.dll
0x00007ff805f40000 - 0x00007ff806b20000 	C:\Program Files\Java\jdk-17\bin\server\jvm.dll
0x00007ff871350000 - 0x00007ff871358000 	C:\WINDOWS\System32\PSAPI.DLL
0x00007ff869450000 - 0x00007ff869484000 	C:\WINDOWS\SYSTEM32\WINMM.dll
0x00007ff853580000 - 0x00007ff853589000 	C:\WINDOWS\SYSTEM32\WSOCK32.dll
0x00007ff8706c0000 - 0x00007ff870731000 	C:\WINDOWS\System32\WS2_32.dll
0x00007ff86d4c0000 - 0x00007ff86d4d8000 	C:\WINDOWS\SYSTEM32\kernel.appcore.dll
0x00007ff8528e0000 - 0x00007ff8528ea000 	C:\Program Files\Java\jdk-17\bin\jimage.dll
0x00007ff86bdf0000 - 0x00007ff86c023000 	C:\WINDOWS\SYSTEM32\DBGHELP.DLL
0x00007ff86f650000 - 0x00007ff86f9e2000 	C:\WINDOWS\System32\combase.dll
0x00007ff8700a0000 - 0x00007ff870178000 	C:\WINDOWS\System32\OLEAUT32.dll
0x00007ff853430000 - 0x00007ff853462000 	C:\WINDOWS\SYSTEM32\dbgcore.DLL
0x00007ff86ec90000 - 0x00007ff86ed0b000 	C:\WINDOWS\System32\bcryptPrimitives.dll
0x00007ff847900000 - 0x00007ff847925000 	C:\Program Files\Java\jdk-17\bin\java.dll
0x00007ff84b8e0000 - 0x00007ff84b8f8000 	C:\Program Files\Java\jdk-17\bin\zip.dll

dbghelp: loaded successfully - version: 4.0.5 - missing functions: none
symbol engine: initialized successfully - sym options: 0x614 - pdb path: .;C:\Program Files\Java\jdk-17\bin;C:\WINDOWS\SYSTEM32;C:\WINDOWS\WinSxS\amd64_microsoft.windows.common-controls_6595b64144ccf1df_6.0.22621.5697_none_27154c497380d676;C:\Program Files\Java\jdk-17\bin\server

VM Arguments:
jvm_args: -Xmx16m 
java_command: org.eclipse.jdt.internal.launching.support.LibraryDetector
java_class_path (initial): C:\Users\TEMP.LAPTOP-U628PC5V.000\AppData\Roaming\Antigravity\User\globalStorage\redhat.java\1.50.0\config_win\org.eclipse.osgi\57\0\.cp\lib\launchingsupport.jar
Launcher Type: SUN_STANDARD

[Global flags]
     intx CICompilerCount                          = 4                                         {product} {ergonomic}
     uint ConcGCThreads                            = 2                                         {product} {ergonomic}
     uint G1ConcRefinementThreads                  = 8                                         {product} {ergonomic}
   size_t G1HeapRegionSize                         = 1048576                                   {product} {ergonomic}
    uintx GCDrainStackTargetSize                   = 64                                        {product} {ergonomic}
   size_t InitialHeapSize                          = 16777216                                  {product} {ergonomic}
   size_t MarkStackSize                            = 4194304                                   {product} {ergonomic}
   size_t MaxHeapSize                              = 16777216                                  {product} {command line}
   size_t MaxNewSize                               = 9437184                                   {product} {ergonomic}
   size_t MinHeapDeltaBytes                        = 1048576                                   {product} {ergonomic}
   size_t MinHeapSize                              = 8388608                                   {product} {ergonomic}
    uintx NonNMethodCodeHeapSize                   = 5839372                                {pd product} {ergonomic}
    uintx NonProfiledCodeHeapSize                  = 122909434                              {pd product} {ergonomic}
    uintx ProfiledCodeHeapSize                     = 122909434                              {pd product} {ergonomic}
    uintx ReservedCodeCacheSize                    = 251658240                              {pd product} {ergonomic}
     bool SegmentedCodeCache                       = true                                      {product} {ergonomic}
   size_t SoftMaxHeapSize                          = 16777216                               {manageable} {ergonomic}
     bool UseCompressedClassPointers               = true                           {product lp64_product} {ergonomic}
     bool UseCompressedOops                        = true                           {product lp64_product} {ergonomic}
     bool UseG1GC                                  = true                                      {product} {ergonomic}
     bool UseLargePagesIndividualAllocation        = false                                  {pd product} {ergonomic}

Logging:
Log output configuration:
 #0: stdout all=warning uptime,level,tags
 #1: stderr all=off uptime,level,tags

Environment Variables:
PATH=C:\Program Files (x86)\Microsoft\Edge\Application;C:\Program Files\Common Files\Oracle\Java\javapath;C:\WINDOWS\system32;C:\WINDOWS;C:\WINDOWS\System32\Wbem;C:\WINDOWS\System32\WindowsPowerShell\v1.0\;C:\WINDOWS\System32\OpenSSH\;C:\Program Files (x86)\dotnet\;C:\Program Files\dotnet\;C:\Program Files\Git\cmd;C:\Program Files\Microsoft SQL Server\150\Tools\Binn\;C:\Users\TEMP.LAPTOP-U628PC5V.000\AppData\Local\Microsoft\WindowsApps;
USERNAME=ADMIN
OS=Windows_NT
PROCESSOR_IDENTIFIER=AMD64 Family 23 Model 24 Stepping 1, AuthenticAMD



---------------  S Y S T E M  ---------------

OS:
 Windows 11 , 64 bit Build 22621 (10.0.22621.5415)
OS uptime: 0 days 0:26 hours

CPU: total 8 (initial active 8) (8 cores per cpu, 2 threads per core) family 23 model 24 stepping 1 microcode 0x0, cx8, cmov, fxsr, ht, mmx, 3dnowpref, sse, sse2, sse3, ssse3, sse4a, sse4.1, sse4.2, popcnt, lzcnt, tsc, tscinvbit, avx, avx2, aes, clmul, bmi1, bmi2, adx, sha, fma, vzeroupper, clflush, clflushopt

Memory: 4k page, system-wide physical 3531M (322M free)
TotalPageFile size 12235M (AvailPageFile size 6153M)
current process WorkingSet (physical memory assigned to process): 24M, peak: 24M
current process commit charge ("private bytes"): 88M, peak: 88M

vm_info: Java HotSpot(TM) 64-Bit Server VM (17.0.12+8-LTS-286) for windows-amd64 JRE (17.0.12+8-LTS-286), built on Jun  5 2024 06:46:59 by "mach5one" with MS VC++ 17.6 (VS2022)

END.
